<?xml version="1.0" encoding="UTF-8"?>
<testsuite name="FighterTest" tests="6" skipped="0" failures="0" errors="0" timestamp="2023-01-26T07:47:11" hostname="mtblaser" time="0.037">
  <properties/>
  <testcase name="testWarriorToString" classname="FighterTest" time="0.035"/>
  <testcase name="testFighterVulnerableByDefault" classname="FighterTest" time="0.0"/>
  <testcase name="testWarriorsDamagePoints" classname="FighterTest" time="0.002"/>
  <testcase name="testWizardToString" classname="FighterTest" time="0.0"/>
  <testcase name="testWizardsDamagePoints" classname="FighterTest" time="0.0"/>
  <testcase name="testWizardVulnerable" classname="FighterTest" time="0.0"/>
  <system-out><![CDATA[I am preparing spell
I am preparing spell
I am preparing spell
]]></system-out>
  <system-err><![CDATA[]]></system-err>
</testsuite>
